make all --print-data-base --no-builtin-variables --no-builtin-rules --question
make -C ./libft
 
# GNU Make 4.2.1
# Built for x86_64-pc-linux-gnu
# Copyright (C) 1988-2016 Free Software Foundation, Inc.
# License GPLv3+: GNU GPL version 3 or later <http://gnu.org/licenses/gpl.html>
# This is free software: you are free to change and redistribute it.
# There is NO WARRANTY, to the extent permitted by law.
 

# Make data base, printed on Fri Oct  8 13:51:07 2021

# Variables

# automatic
<D = $(patsubst %/,%,$(dir $<))
# automatic
?F = $(notdir $?)
# environment
DESKTOP_SESSION = xubuntu
# default
.SHELLFLAGS := -c
# makefile (from 'Makefile', line 36)
OBJ = ${SRC:.c=.o}
# environment
XDG_SESSION_CLASS = user
# makefile (from 'Makefile', line 22)
SRC = ft_atoi.c ft_bzero.c ft_isalnum.c ft_isalpha.c ft_isascii.c ft_isdigit.c ft_isprint.c ft_memccpy.c ft_memchr.c ft_memcmp.c ft_memcpy.c ft_memmove.c ft_memset.c ft_strchr.c ft_strlcat.c ft_strlcpy.c ft_strlen.c ft_strncmp.c ft_strnstr.c ft_strrchr.c ft_tolower.c ft_toupper.c ft_calloc.c ft_strdup.c ft_substr.c ft_strjoin.c ft_strtrim.c ft_split.c ft_itoa.c ft_strmapi.c ft_putchar_fd.c ft_putstr_fd.c ft_putendl_fd.c ft_putnbr_fd.c ft_lstnew.c ft_lstadd_front.c ft_lstsize.c ft_lstlast.c ft_lstadd_back.c ft_lstdelone.c ft_lstclear.c ft_lstiter.c ft_lstmap.c ft_putchar.c ft_putstr.c ft_memdel.c ft_strnew.c ft_striteri.c ft_wordcount.c ft_terror.c ft_straddchar.c ft_atoi_base.c ft_split_free.c
# environment
SNAP_COMMON = /var/snap/code/common
# environment
XDG_SESSION_TYPE = x11
# environment
VSCODE_LOG_NATIVE = false
# automatic
?D = $(patsubst %/,%,$(dir $?))
# automatic
@D = $(patsubst %/,%,$(dir $@))
# environment
XAUTHORITY = /home/igor/.Xauthority
# environment
GDMSESSION = xubuntu
# default
MAKE_VERSION := 4.2.1
# makefile
CURDIR := /home/igor/42Cursus/Mini_shell/libft
# environment
RBENV_SHELL = bash
# makefile (from 'Makefile', line 17)
RM = rm -f
# environment
SNAP_DATA = /var/snap/code/76
# environment
GDM_LANG = en_US
# environment
VSCODE_NLS_CONFIG = {"locale":"en-us","availableLanguages":{},"_languagePackSupport":true}
# environment
_ = /snap/code/76/usr/share/code/code
# makefile (from 'Makefile', line 14)
CFLAGS = -Wall -Wextra -Werror -g
# environment
XDG_CONFIG_DIRS = /etc/xdg/xdg-xubuntu:/etc/xdg:/etc/xdg
# environment
SNAP_INSTANCE_NAME = code
# environment
SNAP_ARCH = amd64
# environment
GTK_OVERLAY_SCROLLING = 0
# makefile (from 'Makefile', line 1)
MAKEFILE_LIST :=  Makefile
# automatic
@F = $(notdir $@)
# 'override' directive
GNUMAKEFLAGS := 
# environment
MAKELEVEL := 1
# environment
MANDATORY_PATH = /usr/share/gconf/xubuntu.mandatory.path
# environment
XDG_DATA_DIRS = /usr/share/xubuntu:/usr/share/xfce4:/usr/local/share:/usr/share:/var/lib/snapd/desktop:/usr/share
# environment
DBUS_SESSION_BUS_ADDRESS = unix:path=/run/user/1000/bus
# environment
VSCODE_VERBOSE_LOGGING = true
# environment
LESSOPEN = | /usr/bin/lesspipe %s
# environment
LC_NAME = lv_LV.UTF-8
# environment
VSCODE_CWD = /home/igor
# environment
XDG_SESSION_PATH = /org/freedesktop/DisplayManager/Session0
# environment
GSETTINGS_SCHEMA_DIR = /snap/code/76/usr/share/glib-2.0/schemas
# default
MAKE_HOST := x86_64-pc-linux-gnu
# environment
PATH = /home/igor/.local/bin:/home/igor/.rbenv/shims:/home/igor/.rbenv/bin:/home/igor/.local/bin:/usr/local/sbin:/usr/local/bin:/usr/sbin:/usr/bin:/sbin:/bin:/usr/games:/usr/local/games:/snap/bin
# environment
GPG_AGENT_INFO = /run/user/1000/gnupg/S.gpg-agent:0:1
# environment
SESSION_MANAGER = local/Igo:@/tmp/.ICE-unix/1430,unix/Igo:/tmp/.ICE-unix/1430
# environment
XDG_RUNTIME_DIR = /run/user/1000
# environment
GDK_PIXBUF_MODULE_FILE = /home/igor/snap/code/common/.cache/gdk-pixbuf-loaders.cache
# environment
LC_ALL = C
# environment
SNAP = /snap/code/76
# environment
SNAP_VERSION = ee8c7def
# makefile (from 'Makefile', line 16)
AR = ar rcs
# environment
XDG_MENU_PREFIX = xfce-
# environment
VSCODE_LOG_STACK = false
# environment
 
DISABLE_WAYLAND = 1
# environment
VSCODE_CRASH_REPORTER_START_OPTIONS = {"companyName":"Microsoft","productName":"VSCode","submitURL":"appcenter://code?aid=fba07a4d-84bd-4fc8-a125-9640fc8ce171&uid=85515c04-1309-4250-bd25-93009377e128&iid=85515c04-1309-4250-bd25-93009377e128&sid=85515c04-1309-4250-bd25-93009377e128","uploadToServer":true}
# environment
GDK_PIXBUF_MODULEDIR = /snap/code/76/usr/lib/x86_64-linux-gnu/gdk-pixbuf-2.0/2.10.0/loaders
# default
.FEATURES := target-specific order-only second-expansion else-if shortest-stem undefine oneshell archives jobserver output-sync check-symlink load
# environment
XDG_GREETER_DATA_DIR = /var/lib/lightdm-data/igor
# environment
LS_COLORS = 
# environment
XDG_SESSION_DESKTOP = xubuntu
# environment
SSH_AUTH_SOCK = /run/user/1000/keyring/ssh
# automatic
%F = $(notdir $%)
# environment
DISPLAY = :0.0
# environment
VSCODE_PIPE_LOGGING = true
# environment
SNAP_INSTANCE_KEY = 
# environment
PWD = /home/igor/42Cursus/Mini_shell
# environment
QT_QPA_PLATFORMTHEME = gtk2
# default
.LOADED := 
# environment
XDG_SEAT = seat0
# environment
SSH_AGENT_PID = 1524
# environment
ORIGINAL_XDG_CURRENT_DESKTOP = XFCE
# environment
VSCODE_AMD_ENTRYPOINT = vs/workbench/services/extensions/node/extensionHostProcess
# environment
HOME = /home/igor
# environment
LESSCLOSE = /usr/bin/lesspipe %s %s
# environment
VSCODE_CLI = 1
# environment
VSCODE_CODE_CACHE_PATH = /home/igor/.config/Code/CachedData/ee8c7def80afc00dd6e593ef12f37756d8f504ea
# environment
LOGNAME = igor
# environment
APPLICATION_INSIGHTS_NO_DIAGNOSTIC_CHANNEL = true
# environment
SNAP_LIBRARY_PATH = /var/lib/snapd/lib/gl:/var/lib/snapd/lib/gl32:/var/lib/snapd/void
# environment
SNAP_CONTEXT = 60nJ1Vd7zyK-XdLQHuk_dQae1OnUzk-hdOreYwYQT5Iq6uop5H5-
# automatic
+F = $(notdir $+)
# environment
SNAP_USER_COMMON = /home/igor/snap/code/common
# environment
VSCODE_HANDLES_UNCAUGHT_ERRORS = true
# automatic
^D = $(patsubst %/,%,$(dir $^))
# environment
XDG_VTNR = 7
# environment
CLUTTER_BACKEND = x11
# environment
LC_TIME = lv_LV.UTF-8
# environment
SNAP_REAL_HOME = /home/igor
# default
MAKE = $(MAKE_COMMAND)
# environment
SNAP_USER_DATA = /home/igor/snap/code/76
# environment
SHLVL = 0
# makefile (from 'Makefile', line 13)
CC = gcc
# environment
VSCODE_IPC_HOOK_EXTHOST = /run/user/1000/vscode-ipc-9c2c2c2c-4f23-4705-b52c-a481a1f00819.sock
# environment
XDG_SESSION_ID = c1
# environment
USER = igor
# environment
SNAP_REVISION = 76
# environment
LC_MONETARY = lv_LV.UTF-8
# makefile
.DEFAULT_GOAL := all
# environment
XDG_CURRENT_DESKTOP = XFCE
# makefile (from 'Makefile', line 19)
NAME = libft.a
# automatic
%D = $(patsubst %/,%,$(dir $%))
# environment
LC_TELEPHONE = lv_LV.UTF-8
# default
MAKE_COMMAND := make
# makefile (from 'Makefile', line 20)
INCL = libft.h
# default
.VARIABLES := 
# automatic
 
*F = $(notdir $*)
# environment
LANGUAGE = en_US
# environment
XDG_SEAT_PATH = /org/freedesktop/DisplayManager/Seat0
# environment
VSCODE_IPC_HOOK = /run/user/1000/vscode-3e6d57c9-1.61.0-main.sock
# environment
BAMF_DESKTOP_FILE_HINT = /var/lib/snapd/desktop/applications/code_code.desktop
# makefile
MAKEFLAGS = pqrRw
# environment
MFLAGS = -pqrRw
# automatic
*D = $(patsubst %/,%,$(dir $*))
# environment
BREAKPAD_DUMP_LOCATION = /home/igor/.config/Code/exthost Crash Reports
# automatic
+D = $(patsubst %/,%,$(dir $+))
# makefile
SHELL = /bin/sh
# environment
GDK_BACKEND = x11
# environment
LC_PAPER = lv_LV.UTF-8
# environment
QT_ACCESSIBILITY = 1
# environment
DEFAULTS_PATH = /usr/share/gconf/xubuntu.default.path
# default
MAKEFILES := 
# environment
SNAP_COOKIE = 60nJ1Vd7zyK-XdLQHuk_dQae1OnUzk-hdOreYwYQT5Iq6uop5H5-
# environment
LC_NUMERIC = lv_LV.UTF-8
# automatic
<F = $(notdir $<)
# environment
ELECTRON_RUN_AS_NODE = 1
# environment
LC_MEASUREMENT = lv_LV.UTF-8
# environment
SNAP_NAME = code
# environment
ELECTRON_NO_ATTACH_CONSOLE = 1
# automatic
^F = $(notdir $^)
# default
SUFFIXES := 
# environment
SNAP_REEXEC = 
# environment
CHROME_DESKTOP = code-url-handler.desktop
# default
.INCLUDE_DIRS = /usr/include /usr/local/include /usr/include
# environment
LC_IDENTIFICATION = lv_LV.UTF-8
# default
.RECIPEPREFIX := 
# environment
LC_ADDRESS = lv_LV.UTF-8
# environment
LANG = C
# environment
VSCODE_PID = 4586
# variable set hash-table stats:
# Load=137/1024=13%, Rehash=0, Collisions=22/168=13%

# Pattern-specific Variable Values

# No pattern-specific variable values.

# Directories

# . (device 2050, inode 15476071): 111 files, no impossibilities.

# 111 files, no impossibilities in 1 directories.

# Implicit Rules

# No implicit rules.

# Files

# Not a target:
ft_strmapi.o:
#  Implicit rule search has been done.
 
#  Last modified 2021-10-08 12:17:29.409172549
#  File has been updated.
#  Successfully updated.

# Not a target:
ft_lstiter.o:
#  Implicit rule search has been done.
#  Last modified 2021-10-08 12:17:29.657173958
#  File has been updated.
#  Successfully updated.

# Not a target:
ft_memcpy.o:
#  Implicit rule search has been done.
#  Last modified 2021-10-08 12:17:29.037170438
#  File has been updated.
#  Successfully updated.

# Not a target:
ft_itoa.o:
#  Implicit rule search has been done.
#  Last modified 2021-10-08 12:17:29.389172436
#  File has been updated.
#  Successfully updated.

# Not a target:
ft_memcmp.o:
#  Implicit rule search has been done.
#  Last modified 2021-10-08 12:17:29.021170345
#  File has been updated.
#  Successfully updated.

# Not a target:
ft_strlen.o:
#  Implicit rule search has been done.
#  Last modified 2021-10-08 12:17:29.153171096
#  File has been updated.
#  Successfully updated.

# Not a target:
ft_isdigit.o:
#  Implicit rule search has been done.
#  Last modified 2021-10-08 12:17:28.949169936
#  File has been updated.
#  Successfully updated.

all: libft.a
#  Phony target (prerequisite of .PHONY).
#  Implicit rule search has not been done.
#  File does not exist.
#  File has been updated.
#  Successfully updated.

# Not a target:
ft_lstlast.o:
#  Implicit rule search has been done.
#  Last modified 2021-10-08 12:17:29.577173506
#  File has been updated.
#  Successfully updated.

# Not a target:
ft_memchr.o:
#  Implicit rule search has been done.
#  Last modified 2021-10-08 12:17:29.005170255
#  File has been updated.
#  Successfully updated.

# Not a target:
ft_memset.o:
#  Implicit rule search has been done.
#  Last modified 2021-10-08 12:17:29.073170641
#  File has been updated.
#  Successfully updated.

# Not a target:
ft_tolower.o:
#  Implicit rule search has been done.
 
#  Last modified 2021-10-08 12:17:29.221171482
#  File has been updated.
#  Successfully updated.

# Not a target:
ft_strrchr.o:
#  Implicit rule search has been done.
#  Last modified 2021-10-08 12:17:29.205171391
#  File has been updated.
#  Successfully updated.

# Not a target:
ft_strjoin.o:
#  Implicit rule search has been done.
#  Last modified 2021-10-08 12:17:29.317172027
#  File has been updated.
#  Successfully updated.

# Not a target:
ft_split.o:
#  Implicit rule search has been done.
#  Last modified 2021-10-08 12:17:29.365172299
#  File has been updated.
#  Successfully updated.

# Not a target:
ft_lstclear.o:
#  Implicit rule search has been done.
#  Last modified 2021-10-08 12:17:29.637173845
#  File has been updated.
#  Successfully updated.

# Not a target:
ft_strlcat.o:
#  Implicit rule search has been done.
#  Last modified 2021-10-08 12:17:29.11317087
#  File has been updated.
#  Successfully updated.

# Not a target:
ft_split_free.o:
#  Implicit rule search has been done.
#  Last modified 2021-10-08 12:17:29.8931753
#  File has been updated.
#  Successfully updated.

# Not a target:
ft_putstr.o:
#  Implicit rule search has been done.
 
#  Last modified 2021-10-08 12:17:29.721174323
#  File has been updated.
#  Successfully updated.

# Not a target:
Makefile:
#  Implicit rule search has been done.
#  Last modified 2021-10-07 13:52:26.689864784
#  File has been updated.
#  Successfully updated.

# Not a target:
ft_isprint.o:
#  Implicit rule search has been done.
#  Last modified 2021-10-08 12:17:28.965170029
#  File has been updated.
#  Successfully updated.

libft.a: ft_atoi.o ft_bzero.o ft_isalnum.o ft_isalpha.o ft_isascii.o ft_isdigit.o ft_isprint.o ft_memccpy.o ft_memchr.o ft_memcmp.o ft_memcpy.o ft_memmove.o ft_memset.o ft_strchr.o ft_strlcat.o ft_strlcpy.o ft_strlen.o ft_strncmp.o ft_strnstr.o ft_strrchr.o ft_tolower.o ft_toupper.o ft_calloc.o ft_strdup.o ft_substr.o ft_strjoin.o ft_strtrim.o ft_split.o ft_itoa.o ft_strmapi.o ft_putchar_fd.o ft_putstr_fd.o ft_putendl_fd.o ft_putnbr_fd.o ft_lstnew.o ft_lstadd_front.o ft_lstsize.o ft_lstlast.o ft_lstadd_back.o ft_lstdelone.o ft_lstclear.o ft_lstiter.o ft_lstmap.o ft_putchar.o ft_putstr.o ft_memdel.o ft_strnew.o ft_striteri.o ft_wordcount.o ft_terror.o ft_straddchar.o ft_atoi_base.o ft_split_free.o
#  Implicit rule search has not been done.
#  Last modified 2021-10-08 12:17:29.901175344
#  File has been updated.
#  Successfully updated.
#  recipe to execute (from 'Makefile', line 41):
			$(AR) $(NAME) $(OBJ)

# Not a target:
ft_striteri.o:
#  Implicit rule search has been done.
#  Last modified 2021-10-08 12:17:29.785174686
#  File has been updated.
#  Successfully updated.

# Not a target:
ft_putchar.o:
#  Implicit rule search has been done.
#  Last modified 2021-10-08 12:17:29.70117421
#  File has been updated.
#  Successfully updated.

 
# Not a target:
ft_bzero.o:
#  Implicit rule search has been done.
#  Last modified 2021-10-08 12:17:28.88116955
#  File has been updated.
#  Successfully updated.

# Not a target:
ft_lstnew.o:
#  Implicit rule search has been done.
#  Last modified 2021-10-08 12:17:29.51317314
#  File has been updated.
#  Successfully updated.

.PHONY: all clean fclean re bonus
#  Implicit rule search has not been done.
#  Modification time never checked.
#  File has not been updated.

bonus:
#  Phony target (prerequisite of .PHONY).
#  Implicit rule search has not been done.
#  File does not exist.
#  File has not been updated.

# Not a target:
ft_putnbr_fd.o:
#  Implicit rule search has been done.
#  Last modified 2021-10-08 12:17:29.493173027
#  File has been updated.
#  Successfully updated.

fclean: clean
#  Phony target (prerequisite of .PHONY).
#  Implicit rule search has not been done.
#  File does not exist.
#  File has not been updated.
#  recipe to execute (from 'Makefile', line 47):
			$(RM) $(NAME)

# Not a target:
ft_calloc.o:
#  Implicit rule search has been done.
#  Last modified 2021-10-08 12:17:29.253171664
#  File has been updated.
#  Successfully updated.

# Not a target:
ft_substr.o:
 
#  Implicit rule search has been done.
#  Last modified 2021-10-08 12:17:29.297171913
#  File has been updated.
#  Successfully updated.

# Not a target:
ft_isalpha.o:
#  Implicit rule search has been done.
#  Last modified 2021-10-08 12:17:28.917169756
#  File has been updated.
#  Successfully updated.

# Not a target:
ft_lstsize.o:
#  Implicit rule search has been done.
#  Last modified 2021-10-08 12:17:29.553173369
#  File has been updated.
#  Successfully updated.

# Not a target:
.DEFAULT:
#  Implicit rule search has not been done.
#  Modification time never checked.
#  File has not been updated.

# Not a target:
ft_strlcpy.o:
#  Implicit rule search has been done.
#  Last modified 2021-10-08 12:17:29.133170982
#  File has been updated.
#  Successfully updated.

# Not a target:
ft_lstmap.o:
#  Implicit rule search has been done.
#  Last modified 2021-10-08 12:17:29.681174094
#  File has been updated.
#  Successfully updated.

# Not a target:
ft_strncmp.o:
#  Implicit rule search has been done.
#  Last modified 2021-10-08 12:17:29.169171186
#  File has been updated.
#  Successfully updated.

re: fclean all
#  Phony target (prerequisite of .PHONY).
 
#  Implicit rule search has not been done.
#  File does not exist.
#  File has not been updated.

clean:
#  Phony target (prerequisite of .PHONY).
#  Implicit rule search has not been done.
#  File does not exist.
#  File has not been updated.
#  recipe to execute (from 'Makefile', line 44):
			$(RM) $(OBJ)

# Not a target:
ft_isalnum.o:
#  Implicit rule search has been done.
#  Last modified 2021-10-08 12:17:28.901169663
#  File has been updated.
#  Successfully updated.

# Not a target:
ft_lstadd_front.o:
#  Implicit rule search has been done.
#  Last modified 2021-10-08 12:17:29.533173254
#  File has been updated.
#  Successfully updated.

# Not a target:
ft_isascii.o:
#  Implicit rule search has been done.
#  Last modified 2021-10-08 12:17:28.933169846
#  File has been updated.
#  Successfully updated.

# Not a target:
ft_strdup.o:
#  Implicit rule search has been done.
#  Last modified 2021-10-08 12:17:29.2771718
#  File has been updated.
#  Successfully updated.

# Not a target:
ft_lstdelone.o:
#  Implicit rule search has been done.
#  Last modified 2021-10-08 12:17:29.617173732
#  File has been updated.
#  Successfully updated.

# Not a target:
ft_memmove.o:
#  Implicit rule search has been done.
#  Last modified 2021-10-08 12:17:29.05717055
#  File has been updated.
#  Successfully updated.

# Not a target:
 
ft_strchr.o:
#  Implicit rule search has been done.
#  Last modified 2021-10-08 12:17:29.093170754
#  File has been updated.
#  Successfully updated.

# Not a target:
ft_strnew.o:
#  Implicit rule search has been done.
#  Last modified 2021-10-08 12:17:29.765174572
#  File has been updated.
#  Successfully updated.

# Not a target:
ft_wordcount.o:
#  Implicit rule search has been done.
#  Last modified 2021-10-08 12:17:29.805174799
#  File has been updated.
#  Successfully updated.

# Not a target:
ft_toupper.o:
#  Implicit rule search has been done.
#  Last modified 2021-10-08 12:17:29.233171551
#  File has been updated.
#  Successfully updated.

# Not a target:
ft_terror.o:
#  Implicit rule search has been done.
#  Last modified 2021-10-08 12:17:29.825174912
#  File has been updated.
#  Successfully updated.

# Not a target:
ft_strnstr.o:
#  Implicit rule search has been done.
#  Last modified 2021-10-08 12:17:29.189171299
#  File has been updated.
#  Successfully updated.

# Not a target:
ft_putstr_fd.o:
#  Implicit rule search has been done.
#  Last modified 2021-10-08 12:17:29.453172801
#  File has been updated.
#  Successfully updated.

# Not a target:
 
ft_atoi_base.o:
#  Implicit rule search has been done.
#  Last modified 2021-10-08 12:17:29.873175187
#  File has been updated.
#  Successfully updated.

# Not a target:
ft_memccpy.o:
#  Implicit rule search has been done.
#  Last modified 2021-10-08 12:17:28.985170141
#  File has been updated.
#  Successfully updated.

# Not a target:
ft_putchar_fd.o:
#  Implicit rule search has been done.
#  Last modified 2021-10-08 12:17:29.429172665
#  File has been updated.
#  Successfully updated.

# Not a target:
ft_atoi.o:
#  Implicit rule search has been done.
#  Last modified 2021-10-08 12:17:28.857169414
#  File has been updated.
#  Successfully updated.

# Not a target:
ft_strtrim.o:
#  Implicit rule search has been done.
#  Last modified 2021-10-08 12:17:29.341172163
#  File has been updated.
#  Successfully updated.

# Not a target:
ft_memdel.o:
#  Implicit rule search has been done.
#  Last modified 2021-10-08 12:17:29.745174459
#  File has been updated.
#  Successfully updated.

# Not a target:
ft_straddchar.o:
 
#  Implicit rule search has been done.
#  Last modified 2021-10-08 12:17:29.849175051
#  File has been updated.
#  Successfully updated.

# Not a target:
ft_lstadd_back.o:
#  Implicit rule search has been done.
#  Last modified 2021-10-08 12:17:29.597173618
#  File has been updated.
#  Successfully updated.

# Not a target:
ft_putendl_fd.o:
#  Implicit rule search has been done.
#  Last modified 2021-10-08 12:17:29.473172914
#  File has been updated.
#  Successfully updated.

# files hash-table stats:
# Load=63/1024=6%, Rehash=0, Collisions=10/137=7%
# VPATH Search Paths

# No 'vpath' search paths.

# No general ('VPATH' variable) search path.

# strcache buffers: 1 (0) / strings = 122 / storage = 1514 B / avg = 12 B
# current buf: size = 8162 B / used = 1514 B / count = 122 / avg = 12 B

# strcache performance: lookups = 193 / hit rate = 36%
# hash-table stats:
# Load=122/8192=1%, Rehash=0, Collisions=10/193=5%
# Finished Make data base on Fri Oct  8 13:51:07 2021

 
make: *** No rule to make target 'util.o', needed by 'minishell'.  Stop.
 
# GNU Make 4.2.1
# Built for x86_64-pc-linux-gnu
# Copyright (C) 1988-2016 Free Software Foundation, Inc.
# License GPLv3+: GNU GPL version 3 or later <http://gnu.org/licenses/gpl.html>
# This is free software: you are free to change and redistribute it.
# There is NO WARRANTY, to the extent permitted by law.

# Make data base, printed on Fri Oct  8 13:51:07 2021

# Variables

# automatic
<D = $(patsubst %/,%,$(dir $<))
# automatic
?F = $(notdir $?)
# environment
DESKTOP_SESSION = xubuntu
# default
.SHELLFLAGS := -c
# makefile (from 'Makefile', line 28)
OBJ = ${SRC:.c=.o}
# environment
XDG_SESSION_CLASS = user
# makefile (from 'Makefile', line 26)
SRC = main.c execute.c interpret.c util.c
# environment
SNAP_COMMON = /var/snap/code/common
# environment
XDG_SESSION_TYPE = x11
# environment
VSCODE_LOG_NATIVE = false
# makefile (from 'Makefile', line 22)
LIBRARY = libft.a
# automatic
?D = $(patsubst %/,%,$(dir $?))
# automatic
@D = $(patsubst %/,%,$(dir $@))
# environment
XAUTHORITY = /home/igor/.Xauthority
# environment
GDMSESSION = xubuntu
# default
MAKE_VERSION := 4.2.1
# makefile
CURDIR := /home/igor/42Cursus/Mini_shell
# environment
RBENV_SHELL = bash
# makefile (from 'Makefile', line 16)
RM = rm -f
# environment
SNAP_DATA = /var/snap/code/76
# environment
GDM_LANG = en_US
# environment
VSCODE_NLS_CONFIG = {"locale":"en-us","availableLanguages":{},"_languagePackSupport":true}
# environment
_ = /snap/code/76/usr/share/code/code
# makefile (from 'Makefile', line 14)
CFLAGS = -Wall -Wextra -Werror -g
# environment
XDG_CONFIG_DIRS = /etc/xdg/xdg-xubuntu:/etc/xdg:/etc/xdg
# environment
SNAP_INSTANCE_NAME = code
# environment
SNAP_ARCH = amd64
# environment
GTK_OVERLAY_SCROLLING = 0
# makefile (from 'Makefile', line 1)
MAKEFILE_LIST :=  Makefile
# automatic
@F = $(notdir $@)
# 'override' directive
GNUMAKEFLAGS := 
# environment
MAKELEVEL := 0
# environment
MANDATORY_PATH = /usr/share/gconf/xubuntu.mandatory.path
# environment
XDG_DATA_DIRS = /usr/share/xubuntu:/usr/share/xfce4:/usr/local/share:/usr/share:/var/lib/snapd/desktop:/usr/share
# environment
DBUS_SESSION_BUS_ADDRESS = unix:path=/run/user/1000/bus
# environment
VSCODE_VERBOSE_LOGGING = true
# environment
LESSOPEN = | /usr/bin/lesspipe %s
# environment
LC_NAME = lv_LV.UTF-8
# environment
VSCODE_CWD = /home/igor
# environment
XDG_SESSION_PATH = /org/freedesktop/DisplayManager/Session0
# environment
GSETTINGS_SCHEMA_DIR = /snap/code/76/usr/share/glib-2.0/schemas
# default
MAKE_HOST := x86_64-pc-linux-gnu
# environment
PATH = /home/igor/.local/bin:/home/igor/.rbenv/shims:/home/igor/.rbenv/bin:/home/igor/.local/bin:/usr/local/sbin:/usr/local/bin:/usr/sbin:/usr/bin:/sbin:/bin:/usr/games:/usr/local/games:/snap/bin
# environment
GPG_AGENT_INFO = /run/user/1000/gnupg/S.gpg-agent:0:1
# environment
SESSION_MANAGER = local/Igo:@/tmp/.ICE-unix/1430,unix/Igo:/tmp/.ICE-unix/1430
# environment
XDG_RUNTIME_DIR = /run/user/1000
# environment
GDK_PIXBUF_MODULE_FILE = /home/igor/snap/code/common/.cache/gdk-pixbuf-loaders.cache
# environment
SNAP = /snap/code/76
# environment
SNAP_VERSION = ee8c7def
# environment
XDG_MENU_PREFIX = xfce-
# environment
VSCODE_LOG_STACK = false
# environment
DISABLE_WAYLAND = 1
# environment
VSCODE_CRASH_REPORTER_START_OPTIONS = {"companyName":"Microsoft","productName":"VSCode","submitURL":"appcenter://code?aid=fba07a4d-84bd-4fc8-a125-9640fc8ce171&uid=85515c04-1309-4250-bd25-93009377e128&iid=85515c04-1309-4250-bd25-93009377e128&sid=85515c04-1309-4250-bd25-93009377e128","uploadToServer":true}
# environment
GDK_PIXBUF_MODULEDIR = /snap/code/76/usr/lib/x86_64-linux-gnu/gdk-pixbuf-2.0/2.10.0/loaders
# default
.FEATURES := target-specific order-only second-expansion else-if shortest-stem undefine oneshell archives jobserver output-sync check-symlink load
# environment
XDG_GREETER_DATA_DIR = /var/lib/lightdm-data/igor
# environment
LS_COLORS = 
# environment
XDG_SESSION_DESKTOP = xubuntu
# environment
SSH_AUTH_SOCK = /run/user/1000/keyring/ssh
# automatic
%F = $(notdir $%)
# environment
DISPLAY = :0.0
# environment
VSCODE_PIPE_LOGGING = true
# environment
SNAP_INSTANCE_KEY = 
# environment
PWD = /home/igor/42Cursus/Mini_shell
# environment
QT_QPA_PLATFORMTHEME = gtk2
# default
.LOADED := 
# environment
XDG_SEAT = seat0
# environment
SSH_AGENT_PID = 1524
# environment
ORIGINAL_XDG_CURRENT_DESKTOP = XFCE
# environment
VSCODE_AMD_ENTRYPOINT = vs/workbench/services/extensions/node/extensionHostProcess
# environment
HOME = /home/igor
# environment
LESSCLOSE = /usr/bin/lesspipe %s %s
# environment
VSCODE_CLI = 1
# environment
VSCODE_CODE_CACHE_PATH = /home/igor/.config/Code/CachedData/ee8c7def80afc00dd6e593ef12f37756d8f504ea
# environment
LOGNAME = igor
# environment
APPLICATION_INSIGHTS_NO_DIAGNOSTIC_CHANNEL = true
# environment
SNAP_LIBRARY_PATH = /var/lib/snapd/lib/gl:/var/lib/snapd/lib/gl32:/var/lib/snapd/void
# environment
SNAP_CONTEXT = 60nJ1Vd7zyK-XdLQHuk_dQae1OnUzk-hdOreYwYQT5Iq6uop5H5-
# automatic
+F = $(notdir $+)
# environment
ELECTRON_NO_ATTACH_CONSOLE = 1
# environment
SNAP_USER_COMMON = /home/igor/snap/code/common
# environment
VSCODE_HANDLES_UNCAUGHT_ERRORS = true
# automatic
^D = $(patsubst %/,%,$(dir $^))
# environment
XDG_VTNR = 7
# environment
CLUTTER_BACKEND = x11
# environment
LC_TIME = lv_LV.UTF-8
# environment
SNAP_REAL_HOME = /home/igor
# makefile (from 'Makefile', line 24)
MAKE = make
# default
MAKECMDGOALS := all
# environment
SNAP_USER_DATA = /home/igor/snap/code/76
# environment
SHLVL = 0
# makefile (from 'Makefile', line 13)
CC = gcc
# environment
VSCODE_IPC_HOOK_EXTHOST = /run/user/1000/vscode-ipc-9c2c2c2c-4f23-4705-b52c-a481a1f00819.sock
# environment
XDG_SESSION_ID = c1
# environment
USER = igor
# environment
SNAP_REVISION = 76
# environment
LC_MONETARY = lv_LV.UTF-8
# makefile
.DEFAULT_GOAL := all
# environment
XDG_CURRENT_DESKTOP = XFCE
# makefile (from 'Makefile', line 18)
NAME = minishell
# automatic
%D = $(patsubst %/,%,$(dir $%))
# environment
LC_TELEPHONE = lv_LV.UTF-8
# makefile (from 'Makefile', line 30)
LINKS = -I$(LIB_PATH) -L$(LIB_PATH) -lft -lreadline
# default
MAKE_COMMAND := make
# default
.VARIABLES := 
# automatic
*F = $(notdir $*)
# environment
LANGUAGE = en_US
# environment
XDG_SEAT_PATH = /org/freedesktop/DisplayManager/Seat0
# environment
VSCODE_IPC_HOOK = /run/user/1000/vscode-3e6d57c9-1.61.0-main.sock
# environment
BAMF_DESKTOP_FILE_HINT = /var/lib/snapd/desktop/applications/code_code.desktop
# makefile
MAKEFLAGS = pqrR
# makefile (from 'Makefile', line 20)
LIB_PATH = ./libft
# environment
MFLAGS = -pqrR
# automatic
*D = $(patsubst %/,%,$(dir $*))
# environment
BREAKPAD_DUMP_LOCATION = /home/igor/.config/Code/exthost Crash Reports
# automatic
+D = $(patsubst %/,%,$(dir $+))
# makefile
SHELL = /bin/sh
# environment
GDK_BACKEND = x11
# environment
LC_PAPER = lv_LV.UTF-8
# environment
QT_ACCESSIBILITY = 1
# environment
DEFAULTS_PATH = /usr/share/gconf/xubuntu.default.path
# default
MAKEFILES := 
# environment
SNAP_COOKIE = 60nJ1Vd7zyK-XdLQHuk_dQae1OnUzk-hdOreYwYQT5Iq6uop5H5-
# environment
LC_NUMERIC = lv_LV.UTF-8
# automatic
<F = $(notdir $<)
# environment
ELECTRON_RUN_AS_NODE = 1
# environment
LC_MEASUREMENT = lv_LV.UTF-8
# environment
SNAP_NAME = code
# environment
LC_ALL = C
# automatic
^F = $(notdir $^)
# default
SUFFIXES := 
# environment
SNAP_REEXEC = 
# environment
CHROME_DESKTOP = code-url-handler.desktop
# default
.INCLUDE_DIRS = /usr/include /usr/local/include /usr/include
# environment
LC_IDENTIFICATION = lv_LV.UTF-8
# default
.RECIPEPREFIX := 
# environment
LC_ADDRESS = lv_LV.UTF-8
# environment
LANG = C
# environment
VSCODE_PID = 4586
 
# variable set hash-table stats:
# Load=139/1024=14%, Rehash=0, Collisions=24/176=14%

# Pattern-specific Variable Values

# No pattern-specific variable values.

# Directories

# . (device 2050, inode 11803638): 26 files, no impossibilities.

# 26 files, no impossibilities in 1 directories.

# Implicit Rules

# No implicit rules.

# Files

all: libft.a minishell
#  Phony target (prerequisite of .PHONY).
#  Command line target.
#  Implicit rule search has not been done.
#  File does not exist.
#  File has not been updated.
# variable set hash-table stats:
# Load=0/32=0%, Rehash=0, Collisions=0/5=0%

.PHONY: all clean fclean re norm
#  Implicit rule search has not been done.
#  Modification time never checked.
#  File has not been updated.

# Not a target:
.SUFFIXES:
#  Implicit rule search has not been done.
#  Modification time never checked.
#  File has not been updated.

# Not a target:
Makefile:
#  Implicit rule search has been done.
#  Last modified 2021-10-08 13:51:07.563295879
#  File has been updated.
#  Successfully updated.

libft.a:
#  Implicit rule search has not been done.
#  Implicit/static pattern stem: ''
#  File does not exist.
#  File has been updated.
#  Successfully updated.
# automatic
# @ := libft.a
# automatic
# % := 
# automatic
# * := 
# automatic
# + := 
# automatic
# | := 
# automatic
# < := 
# automatic
# ^ := 
# automatic
# ? := 
# variable set hash-table stats:
# Load=8/32=25%, Rehash=0, Collisions=2/13=15%
#  recipe to execute (from 'Makefile', line 39):
			$(MAKE) -C $(LIB_PATH)

minishell: main.o execute.o interpret.o util.o
#  Implicit rule search has not been done.
#  Last modified 2021-10-08 12:19:12.529761692
#  File has not been updated.
#  recipe to execute (from 'Makefile', line 42):
			$(CC) -o $(NAME) $(CFLAGS) $(OBJ) $(LINKS) 

# Not a target:
execute.o:
#  Implicit rule search has been done.
#  Last modified 2021-10-08 12:19:12.501761531
#  File has been updated.
#  Successfully updated.

fclean: clean
#  Phony target (prerequisite of .PHONY).
#  Implicit rule search has not been done.
#  File does not exist.
#  File has not been updated.
#  recipe to execute (from 'Makefile', line 48):
			$(RM) $(NAME)
			$(MAKE) -C $(LIB_PATH) fclean

# Not a target:
interpret.o:
#  Implicit rule search has been done.
#  Last modified 2021-10-08 12:18:25.929494653
#  File has been updated.
#  Successfully updated.

norm:
#  Phony target (prerequisite of .PHONY).
#  Implicit rule search has not been done.
#  File does not exist.
#  File has not been updated.
#  recipe to execute (from 'Makefile', line 54):
			norminette libft/
			norminette $(SRC) || true

# Not a target:
.DEFAULT:
#  Implicit rule search has not been done.
#  Modification time never checked.
#  File has not been updated.

re: fclean all
#  Phony target (prerequisite of .PHONY).
#  Implicit rule search has not been done.
#  File does not exist.
#  File has not been updated.

clean:
#  Phony target (prerequisite of .PHONY).
#  Implicit rule search has not been done.
#  File does not exist.
#  File has not been updated.
#  recipe to execute (from 'Makefile', line 45):
			$(RM) $(OBJ)

# Not a target:
main.o:
#  Implicit rule search has been done.
#  Last modified 2021-10-08 12:17:29.945175596
#  File has been updated.
#  Successfully updated.

# Not a target:
util.o:
#  Implicit rule search has been done.
#  File does not exist.
#  File has not been updated.

# files hash-table stats:
# Load=15/1024=1%, Rehash=0, Collisions=0/43=0%
# VPATH Search Paths

# No 'vpath' search paths.

# No general ('VPATH' variable) search path.

# strcache buffers: 1 (0) / strings = 38 / storage = 346 B / avg = 9 B
# current buf: size = 8162 B / used = 346 B / count = 38 / avg = 9 B

# strcache performance: lookups = 66 / hit rate = 42%
# hash-table stats:
# Load=38/8192=0%, Rehash=0, Collisions=1/66=2%
# Finished Make data base on Fri Oct  8 13:51:07 2021

 
